Assuming unrestricted shared filesystem usage.
None
host: 40W88
Building DAG of jobs...
Using shell: /usr/bin/bash
Provided cores: 22
Rules claiming more threads will be scaled down.
Job stats:
job                  count
-----------------  -------
all                      1
run_python_script        1
total                    2

Select jobs to execute...
Execute 1 jobs...
[Fri Jul  4 00:34:51 2025]
localrule run_python_script:
    output: ../output/mm_sm/funSimMax/resnik/n/productmai2024_all_vectors_withontologyX/1_1_1_1_1/1_ORPHA-610.xlsx
    jobid: 1
    reason: Missing output files: ../output/mm_sm/funSimMax/resnik/n/productmai2024_all_vectors_withontologyX/1_1_1_1_1/1_ORPHA-610.xlsx
    wildcards: combine=funSimMax, sm=resnik, weight_flag=n, product4=productmai2024_all_vectors_withontologyX, vector_str=1_1_1_1_1, i=1, param_file=ORPHA-610
    resources: tmpdir=/tmp

Waiting for more resources.
RuleException:
CalledProcessError in file "/home/maroua/Bureau/my_pipeline_v3/GSSM_DRW/bin/Snakefile.projetmm", line 73:
Command 'set -euo pipefail;  
        mkdir -p $(dirname ../output/mm_sm/funSimMax/resnik/n/productmai2024_all_vectors_withontologyX/1_1_1_1_1/1_ORPHA-610.xlsx)
        python -m bin.1_make_ra_mm \
            1 \
            ORPHA:610 \
            funSimMax \
            resnik \
            n \
            productmai2024_all_vectors_withontologyX \
            1_1_1_1_1' returned non-zero exit status 1.
[Fri Jul  4 00:34:51 2025]
Error in rule run_python_script:
    message: None
    jobid: 1
    output: ../output/mm_sm/funSimMax/resnik/n/productmai2024_all_vectors_withontologyX/1_1_1_1_1/1_ORPHA-610.xlsx
    shell:
        
        mkdir -p $(dirname ../output/mm_sm/funSimMax/resnik/n/productmai2024_all_vectors_withontologyX/1_1_1_1_1/1_ORPHA-610.xlsx)
        python -m bin.1_make_ra_mm \
            1 \
            ORPHA:610 \
            funSimMax \
            resnik \
            n \
            productmai2024_all_vectors_withontologyX \
            1_1_1_1_1
        
        (command exited with non-zero exit code)
Shutting down, this might take some time.
Exiting because a job execution failed. Look below for error messages
[Fri Jul  4 00:34:51 2025]
Error in rule run_python_script:
    message: None
    jobid: 1
    output: ../output/mm_sm/funSimMax/resnik/n/productmai2024_all_vectors_withontologyX/1_1_1_1_1/1_ORPHA-610.xlsx
    shell:
        
        mkdir -p $(dirname ../output/mm_sm/funSimMax/resnik/n/productmai2024_all_vectors_withontologyX/1_1_1_1_1/1_ORPHA-610.xlsx)
        python -m bin.1_make_ra_mm \
            1 \
            ORPHA:610 \
            funSimMax \
            resnik \
            n \
            productmai2024_all_vectors_withontologyX \
            1_1_1_1_1
        
        (command exited with non-zero exit code)
Complete log(s): /home/maroua/Bureau/my_pipeline_v3/GSSM_DRW/bin/.snakemake/log/2025-07-04T003451.021249.snakemake.log
WorkflowError:
At least one job did not complete successfully.
