Assuming unrestricted shared filesystem usage.
None
host: 40W88
Building DAG of jobs...
Using shell: /usr/bin/bash
Provided cores: 22
Rules claiming more threads will be scaled down.
Job stats:
job                  count
-----------------  -------
all                      1
run_python_script        2
total                    3

Select jobs to execute...
Execute 2 jobs...
[Wed Sep  3 16:03:06 2025]
localrule run_python_script:
    output: /home/maroua/Bureau/my_pipeline_v3/GSSM_DRW/output/mm_sm/funSimMax/resnik/n/test/1_1_1_1_1/1_ORPHA-100985.xlsx
    jobid: 1
    reason: Missing output files: /home/maroua/Bureau/my_pipeline_v3/GSSM_DRW/output/mm_sm/funSimMax/resnik/n/test/1_1_1_1_1/1_ORPHA-100985.xlsx
    wildcards: combine=funSimMax, sm=resnik, weight_flag=n, product4=test, vector_str=1_1_1_1_1, i=1, param_file=ORPHA-100985
    resources: tmpdir=/tmp

[Wed Sep  3 16:03:06 2025]
localrule run_python_script:
    output: /home/maroua/Bureau/my_pipeline_v3/GSSM_DRW/output/mm_sm/funSimMax/resnik/n/test/1_1_1_1_1/2_ORPHA-610.xlsx
    jobid: 2
    reason: Missing output files: /home/maroua/Bureau/my_pipeline_v3/GSSM_DRW/output/mm_sm/funSimMax/resnik/n/test/1_1_1_1_1/2_ORPHA-610.xlsx
    wildcards: combine=funSimMax, sm=resnik, weight_flag=n, product4=test, vector_str=1_1_1_1_1, i=2, param_file=ORPHA-610
    resources: tmpdir=/tmp

Waiting for more resources.
RuleException:
CalledProcessError in file "/home/maroua/Bureau/my_pipeline_v3/GSSM_DRW/bin/Snakefile.projetmm", line 72:
Command 'set -euo pipefail;  
        mkdir -p $(dirname /home/maroua/Bureau/my_pipeline_v3/GSSM_DRW/output/mm_sm/funSimMax/resnik/n/test/1_1_1_1_1/2_ORPHA-610.xlsx)
        python -m bin.1_make_ra_mm \
            2 \
            ORPHA:610 \
            funSimMax \
            resnik \
            n \
            test \
            1_1_1_1_1' returned non-zero exit status 1.
[Wed Sep  3 16:03:15 2025]
Error in rule run_python_script:
    message: None
    jobid: 2
    output: /home/maroua/Bureau/my_pipeline_v3/GSSM_DRW/output/mm_sm/funSimMax/resnik/n/test/1_1_1_1_1/2_ORPHA-610.xlsx
    shell:
        
        mkdir -p $(dirname /home/maroua/Bureau/my_pipeline_v3/GSSM_DRW/output/mm_sm/funSimMax/resnik/n/test/1_1_1_1_1/2_ORPHA-610.xlsx)
        python -m bin.1_make_ra_mm \
            2 \
            ORPHA:610 \
            funSimMax \
            resnik \
            n \
            test \
            1_1_1_1_1
        
        (command exited with non-zero exit code)
RuleException:
CalledProcessError in file "/home/maroua/Bureau/my_pipeline_v3/GSSM_DRW/bin/Snakefile.projetmm", line 72:
Command 'set -euo pipefail;  
        mkdir -p $(dirname /home/maroua/Bureau/my_pipeline_v3/GSSM_DRW/output/mm_sm/funSimMax/resnik/n/test/1_1_1_1_1/1_ORPHA-100985.xlsx)
        python -m bin.1_make_ra_mm \
            1 \
            ORPHA:100985 \
            funSimMax \
            resnik \
            n \
            test \
            1_1_1_1_1' returned non-zero exit status 1.
[Wed Sep  3 16:03:15 2025]
Error in rule run_python_script:
    message: None
    jobid: 1
    output: /home/maroua/Bureau/my_pipeline_v3/GSSM_DRW/output/mm_sm/funSimMax/resnik/n/test/1_1_1_1_1/1_ORPHA-100985.xlsx
    shell:
        
        mkdir -p $(dirname /home/maroua/Bureau/my_pipeline_v3/GSSM_DRW/output/mm_sm/funSimMax/resnik/n/test/1_1_1_1_1/1_ORPHA-100985.xlsx)
        python -m bin.1_make_ra_mm \
            1 \
            ORPHA:100985 \
            funSimMax \
            resnik \
            n \
            test \
            1_1_1_1_1
        
        (command exited with non-zero exit code)
Shutting down, this might take some time.
Exiting because a job execution failed. Look below for error messages
[Wed Sep  3 16:03:15 2025]
Error in rule run_python_script:
    message: None
    jobid: 1
    output: /home/maroua/Bureau/my_pipeline_v3/GSSM_DRW/output/mm_sm/funSimMax/resnik/n/test/1_1_1_1_1/1_ORPHA-100985.xlsx
    shell:
        
        mkdir -p $(dirname /home/maroua/Bureau/my_pipeline_v3/GSSM_DRW/output/mm_sm/funSimMax/resnik/n/test/1_1_1_1_1/1_ORPHA-100985.xlsx)
        python -m bin.1_make_ra_mm \
            1 \
            ORPHA:100985 \
            funSimMax \
            resnik \
            n \
            test \
            1_1_1_1_1
        
        (command exited with non-zero exit code)
[Wed Sep  3 16:03:15 2025]
Error in rule run_python_script:
    message: None
    jobid: 2
    output: /home/maroua/Bureau/my_pipeline_v3/GSSM_DRW/output/mm_sm/funSimMax/resnik/n/test/1_1_1_1_1/2_ORPHA-610.xlsx
    shell:
        
        mkdir -p $(dirname /home/maroua/Bureau/my_pipeline_v3/GSSM_DRW/output/mm_sm/funSimMax/resnik/n/test/1_1_1_1_1/2_ORPHA-610.xlsx)
        python -m bin.1_make_ra_mm \
            2 \
            ORPHA:610 \
            funSimMax \
            resnik \
            n \
            test \
            1_1_1_1_1
        
        (command exited with non-zero exit code)
Complete log(s): /home/maroua/Bureau/my_pipeline_v3/GSSM_DRW/.snakemake/log/2025-09-03T160306.530143.snakemake.log
WorkflowError:
At least one job did not complete successfully.
