Assuming unrestricted shared filesystem usage.
None
host: 40W88
Building DAG of jobs...
Using shell: /usr/bin/bash
Provided cores: 22
Rules claiming more threads will be scaled down.
Job stats:
job                  count
-----------------  -------
all                      1
run_python_script        1
total                    2

Select jobs to execute...
Execute 1 jobs...
[Wed Sep  3 17:15:04 2025]
localrule run_python_script:
    output: /home/maroua/Bureau/my_pipeline_v3/GSSM_DRW/output/mp_sm/rsd/resnik/n/productmai2024_withontologyX_donesept2025/1_1_1_1_1/1_ORPHA-98897.xlsx, /home/maroua/Bureau/my_pipeline_v3/GSSM_DRW/output/mp_sm/rsd/resnik/n/productmai2024_withontologyX_donesept2025/1_1_1_1_1/CDF_1_ORPHA-98897.xlsx
    jobid: 1
    reason: Missing output files: /home/maroua/Bureau/my_pipeline_v3/GSSM_DRW/output/mp_sm/rsd/resnik/n/productmai2024_withontologyX_donesept2025/1_1_1_1_1/CDF_1_ORPHA-98897.xlsx, /home/maroua/Bureau/my_pipeline_v3/GSSM_DRW/output/mp_sm/rsd/resnik/n/productmai2024_withontologyX_donesept2025/1_1_1_1_1/1_ORPHA-98897.xlsx
    wildcards: combine=rsd, sm=resnik, weight_flag=n, product4=productmai2024_withontologyX_donesept2025, vector_str=1_1_1_1_1, i=1, param_file=ORPHA-98897
    resources: tmpdir=/tmp

Waiting for more resources.
[Wed Sep  3 17:15:09 2025]
Finished jobid: 1 (Rule: run_python_script)
1 of 2 steps (50%) done
Select jobs to execute...
Execute 1 jobs...
[Wed Sep  3 17:15:09 2025]
localrule all:
    input: /home/maroua/Bureau/my_pipeline_v3/GSSM_DRW/output/mp_sm/rsd/resnik/n/productmai2024_withontologyX_donesept2025/1_1_1_1_1/CDF_1_ORPHA-98897.xlsx, /home/maroua/Bureau/my_pipeline_v3/GSSM_DRW/output/mp_sm/rsd/resnik/n/productmai2024_withontologyX_donesept2025/1_1_1_1_1/1_ORPHA-98897.xlsx
    jobid: 0
    reason: Input files updated by another job: /home/maroua/Bureau/my_pipeline_v3/GSSM_DRW/output/mp_sm/rsd/resnik/n/productmai2024_withontologyX_donesept2025/1_1_1_1_1/CDF_1_ORPHA-98897.xlsx, /home/maroua/Bureau/my_pipeline_v3/GSSM_DRW/output/mp_sm/rsd/resnik/n/productmai2024_withontologyX_donesept2025/1_1_1_1_1/1_ORPHA-98897.xlsx
    resources: tmpdir=/tmp

Waiting for more resources.
[Wed Sep  3 17:15:09 2025]
Finished jobid: 0 (Rule: all)
2 of 2 steps (100%) done
Complete log(s): /home/maroua/Bureau/my_pipeline_v3/GSSM_DRW/.snakemake/log/2025-09-03T171504.599742.snakemake.log
